gradleBuild/outputs/logs/manifest-merger-release-report.txt
-- Merging decision tree log ---
manifest
ADDED from Mini Project\Project Code\AndroidManifest.xml:2:1-47:12
MERGED from [org.tensorflow:tensorflow-android:1.2.0-preview] AndroidManifest.xml:2:1-8:12
MERGED from [com.android.support.constraint:constraint-layout:2.0.4] AndroidManifest.xml:2:1-11:12
MERGED from [com.android.support:appcompat-v7:28.0.0] AndroidManifest.xml:17:1-22:12
MERGED from [com.android.volley:volley:1.1.0] AndroidManifest.xml:2:1-11:12
MERGED from [com.android.support:cardview-v7:28.0.0] AndroidManifest.xml:17:1-22:12
MERGED from [com.android.support:support-fragment:28.0.0] AndroidManifest.xml:17:1-22:12
MERGED from [com.android.support:animated-vector-drawable:28.0.0] AndroidManifest.xml:17:1-22:12
MERGED from [com.android.support:support-core-ui:28.0.0] AndroidManifest.xml:17:1-22:12
MERGED from [com.android.support:support-core-utils:28.0.0] AndroidManifest.xml:17:1-22:12
MERGED from [com.android.support:support-vector-drawable:28.0.0] AndroidManifest.xml:17:1-22:12
MERGED from [com.android.support:loader:28.0.0] AndroidManifest.xml:17:1-22:12
MERGED from [com.android.support:viewpager:28.0.0] AndroidManifest.xml:17:1-22:12
MERGED from [com.android.support:coordinatorlayout:28.0.0] AndroidManifest.xml:17:1-22:12
MERGED from [com.android.support:drawerlayout:28.0.0] AndroidManifest.xml:17:1-22:12
MERGED from [com.android.support:slidingpanelayout:28.0.0] AndroidManifest.xml:17:1-22:12
MERGED from [com.android.support:customview:28.0.0] AndroidManifest.xml:17:1-22:12
MERGED from [com.android.support:swiperefreshlayout:28.0.0] AndroidManifest.xml:17:1-22:12
MERGED from [com.android.support:asynclayoutinflater:28.0.0] AndroidManifest.xml:17:1-22:12
MERGED from [com.android.support:support-compat:28.0.0] AndroidManifest.xml:17:1-24:12
MERGED from [com.android.support:versionedparcelable:28.0.0] AndroidManifest.xml:17:1-25:12
MERGED from [com.android.support:cursoradapter:28.0.0] AndroidManifest.xml:17:1-22:12
MERGED from [android.arch.lifecycle:runtime:1.1.1] AndroidManifest.xml:17:1-22:12
MERGED from [com.android.support:documentfile:28.0.0] AndroidManifest.xml:17:1-22:12
MERGED from [com.android.support:localbroadcastmanager:28.0.0] AndroidManifest.xml:17:1-22:12
MERGED from [com.android.support:print:28.0.0] AndroidManifest.xml:17:1-22:12
MERGED from [android.arch.lifecycle:viewmodel:1.1.1] AndroidManifest.xml:17:1-22:12
MERGED from [android.arch.lifecycle:livedata:1.1.1] AndroidManifest.xml:17:1-22:12
MERGED from [android.arch.lifecycle:livedata-core:1.1.1] AndroidManifest.xml:17:1-22:12
MERGED from [android.arch.core:runtime:1.1.1] AndroidManifest.xml:17:1-22:12
MERGED from [com.android.support:interpolator:28.0.0] AndroidManifest.xml:17:1-22:12
	package
		ADDED from Mini Project\Project Code\AndroidManifest.xml:4:5-34
	xmlns:tools
		ADDED from Mini Project\Project Code\AndroidManifest.xml:3:5-51
	xmlns:android
		ADDED from Mini Project\Project Code\AndroidManifest.xml:2:11-69
uses-permission#android.permission.WRITE_EXTERNAL_STORAGE
ADDED from Mini Project\Project Code\AndroidManifest.xml:6:5-81
	android:name
		ADDED from Mini Project\Project Code\AndroidManifest.xml:6:22-78
uses-permission#android.permission.INTERNET
ADDED from Mini Project\Project Code\AndroidManifest.xml:7:5-66
	android:name
		ADDED from Mini Project\Project Code\AndroidManifest.xml:7:22-64
application
ADDED from Mini Project\Project Code\AndroidManifest.xml:9:5-45:19
MERGED from [org.tensorflow:tensorflow-android:1.2.0-preview] AndroidManifest.xml:5:5-6:19
MERGED from [org.tensorflow:tensorflow-android:1.2.0-preview] AndroidManifest.xml:5:5-6:19
MERGED from [com.android.support.constraint:constraint-layout:2.0.4] AndroidManifest.xml:9:5-20
MERGED from [com.android.support.constraint:constraint-layout:2.0.4] AndroidManifest.xml:9:5-20
MERGED from [com.android.volley:volley:1.1.0] AndroidManifest.xml:9:5-20
MERGED from [com.android.volley:volley:1.1.0] AndroidManifest.xml:9:5-20
MERGED from [com.android.support:support-compat:28.0.0] AndroidManifest.xml:22:5-94
MERGED from [com.android.support:support-compat:28.0.0] AndroidManifest.xml:22:5-94
MERGED from [com.android.support:versionedparcelable:28.0.0] AndroidManifest.xml:22:5-23:19
MERGED from [com.android.support:versionedparcelable:28.0.0] AndroidManifest.xml:22:5-23:19
	android:appComponentFactory
		ADDED from [com.android.support:support-compat:28.0.0] AndroidManifest.xml:22:18-91
	android:label
		ADDED from Mini Project\Project Code\AndroidManifest.xml:13:9-41
	android:debuggable
		ADDED from Mini Project\Project Code\AndroidManifest.xml:11:9-34
	tools:ignore
		ADDED from Mini Project\Project Code\AndroidManifest.xml:17:9-42
	android:icon
		ADDED from Mini Project\Project Code\AndroidManifest.xml:12:9-43
	android:allowBackup
		ADDED from Mini Project\Project Code\AndroidManifest.xml:10:9-35
	android:theme
		ADDED from Mini Project\Project Code\AndroidManifest.xml:15:9-47
	android:networkSecurityConfig
		ADDED from Mini Project\Project Code\AndroidManifest.xml:14:9-53
	android:usesCleartextTraffic
		ADDED from Mini Project\Project Code\AndroidManifest.xml:16:9-44
activity#org.tensorflow.demo.Register
ADDED from Mini Project\Project Code\AndroidManifest.xml:19:9-20:65
	android:theme
		ADDED from Mini Project\Project Code\AndroidManifest.xml:20:13-63
	android:name
		ADDED from Mini Project\Project Code\AndroidManifest.xml:19:19-43
activity#org.tensorflow.demo.Login
ADDED from Mini Project\Project Code\AndroidManifest.xml:22:9-23:65
	android:theme
		ADDED from Mini Project\Project Code\AndroidManifest.xml:23:13-63
	android:name
		ADDED from Mini Project\Project Code\AndroidManifest.xml:22:19-40
activity#org.tensorflow.demo.MainActivity
ADDED from Mini Project\Project Code\AndroidManifest.xml:25:9-32:20
	android:theme
		ADDED from Mini Project\Project Code\AndroidManifest.xml:26:13-63
	android:name
		ADDED from Mini Project\Project Code\AndroidManifest.xml:25:19-47
intent-filter#action:name:android.intent.action.MAIN+category:name:android.intent.category.LAUNCHER
ADDED from Mini Project\Project Code\AndroidManifest.xml:27:13-31:29
action#android.intent.action.MAIN
ADDED from Mini Project\Project Code\AndroidManifest.xml:28:17-69
	android:name
		ADDED from Mini Project\Project Code\AndroidManifest.xml:28:25-66
category#android.intent.category.LAUNCHER
ADDED from Mini Project\Project Code\AndroidManifest.xml:30:17-77
	android:name
		ADDED from Mini Project\Project Code\AndroidManifest.xml:30:27-74
activity#org.tensorflow.demo.pesticidesActivity
ADDED from Mini Project\Project Code\AndroidManifest.xml:34:9-36:72
	android:theme
		ADDED from Mini Project\Project Code\AndroidManifest.xml:36:13-69
	android:name
		ADDED from Mini Project\Project Code\AndroidManifest.xml:35:13-47
activity#org.tensorflow.demo.CameraRollActivity
ADDED from Mini Project\Project Code\AndroidManifest.xml:38:9-40:65
	android:theme
		ADDED from Mini Project\Project Code\AndroidManifest.xml:40:13-63
	android:name
		ADDED from Mini Project\Project Code\AndroidManifest.xml:39:13-47
meta-data#preloaded_fonts
ADDED from Mini Project\Project Code\AndroidManifest.xml:42:9-44:57
	android:resource
		ADDED from Mini Project\Project Code\AndroidManifest.xml:44:13-54
	android:name
		ADDED from Mini Project\Project Code\AndroidManifest.xml:43:13-43
uses-sdk
INJECTED from Mini Project\Project Code\AndroidManifest.xml reason: use-sdk injection requested
INJECTED from Mini Project\Project Code\AndroidManifest.xml
INJECTED from Mini Project\Project Code\AndroidManifest.xml
MERGED from [com.android.support.constraint:constraint-layout:2.0.4] AndroidManifest.xml:5:5-7:41
MERGED from [com.android.support.constraint:constraint-layout:2.0.4] AndroidManifest.xml:5:5-7:41
MERGED from [com.android.support:appcompat-v7:28.0.0] AndroidManifest.xml:20:5-44
MERGED from [com.android.support:appcompat-v7:28.0.0] AndroidManifest.xml:20:5-44
MERGED from [com.android.volley:volley:1.1.0] AndroidManifest.xml:7:5-43
MERGED from [com.android.volley:volley:1.1.0] AndroidManifest.xml:7:5-43
MERGED from [com.android.support:cardview-v7:28.0.0] AndroidManifest.xml:20:5-44
MERGED from [com.android.support:cardview-v7:28.0.0] AndroidManifest.xml:20:5-44
MERGED from [com.android.support:support-fragment:28.0.0] AndroidManifest.xml:20:5-44
MERGED from [com.android.support:support-fragment:28.0.0] AndroidManifest.xml:20:5-44
MERGED from [com.android.support:animated-vector-drawable:28.0.0] AndroidManifest.xml:20:5-44
MERGED from [com.android.support:animated-vector-drawable:28.0.0] AndroidManifest.xml:20:5-44
MERGED from [com.android.support:support-core-ui:28.0.0] AndroidManifest.xml:20:5-44
MERGED from [com.android.support:support-core-ui:28.0.0] AndroidManifest.xml:20:5-44
MERGED from [com.android.support:support-core-utils:28.0.0] AndroidManifest.xml:20:5-44
MERGED from [com.android.support:support-core-utils:28.0.0] AndroidManifest.xml:20:5-44
MERGED from [com.android.support:support-vector-drawable:28.0.0] AndroidManifest.xml:20:5-44
MERGED from [com.android.support:support-vector-drawable:28.0.0] AndroidManifest.xml:20:5-44
MERGED from [com.android.support:loader:28.0.0] AndroidManifest.xml:20:5-44
MERGED from [com.android.support:loader:28.0.0] AndroidManifest.xml:20:5-44
MERGED from [com.android.support:viewpager:28.0.0] AndroidManifest.xml:20:5-44
MERGED from [com.android.support:viewpager:28.0.0] AndroidManifest.xml:20:5-44
MERGED from [com.android.support:coordinatorlayout:28.0.0] AndroidManifest.xml:20:5-44
MERGED from [com.android.support:coordinatorlayout:28.0.0] AndroidManifest.xml:20:5-44
MERGED from [com.android.support:drawerlayout:28.0.0] AndroidManifest.xml:20:5-44
MERGED from [com.android.support:drawerlayout:28.0.0] AndroidManifest.xml:20:5-44
MERGED from [com.android.support:slidingpanelayout:28.0.0] AndroidManifest.xml:20:5-44
MERGED from [com.android.support:slidingpanelayout:28.0.0] AndroidManifest.xml:20:5-44
MERGED from [com.android.support:customview:28.0.0] AndroidManifest.xml:20:5-44
MERGED from [com.android.support:customview:28.0.0] AndroidManifest.xml:20:5-44
MERGED from [com.android.support:swiperefreshlayout:28.0.0] AndroidManifest.xml:20:5-44
MERGED from [com.android.support:swiperefreshlayout:28.0.0] AndroidManifest.xml:20:5-44
MERGED from [com.android.support:asynclayoutinflater:28.0.0] AndroidManifest.xml:20:5-44
MERGED from [com.android.support:asynclayoutinflater:28.0.0] AndroidManifest.xml:20:5-44
MERGED from [com.android.support:support-compat:28.0.0] AndroidManifest.xml:20:5-44
MERGED from [com.android.support:support-compat:28.0.0] AndroidManifest.xml:20:5-44
MERGED from [com.android.support:versionedparcelable:28.0.0] AndroidManifest.xml:20:5-44
MERGED from [com.android.support:versionedparcelable:28.0.0] AndroidManifest.xml:20:5-44
MERGED from [com.android.support:cursoradapter:28.0.0] AndroidManifest.xml:20:5-44
MERGED from [com.android.support:cursoradapter:28.0.0] AndroidManifest.xml:20:5-44
MERGED from [android.arch.lifecycle:runtime:1.1.1] AndroidManifest.xml:20:5-44
MERGED from [android.arch.lifecycle:runtime:1.1.1] AndroidManifest.xml:20:5-44
MERGED from [com.android.support:documentfile:28.0.0] AndroidManifest.xml:20:5-44
MERGED from [com.android.support:documentfile:28.0.0] AndroidManifest.xml:20:5-44
MERGED from [com.android.support:localbroadcastmanager:28.0.0] AndroidManifest.xml:20:5-44
MERGED from [com.android.support:localbroadcastmanager:28.0.0] AndroidManifest.xml:20:5-44
MERGED from [com.android.support:print:28.0.0] AndroidManifest.xml:20:5-44
MERGED from [com.android.support:print:28.0.0] AndroidManifest.xml:20:5-44
MERGED from [android.arch.lifecycle:viewmodel:1.1.1] AndroidManifest.xml:20:5-44
MERGED from [android.arch.lifecycle:viewmodel:1.1.1] AndroidManifest.xml:20:5-44
MERGED from [android.arch.lifecycle:livedata:1.1.1] AndroidManifest.xml:20:5-44
MERGED from [android.arch.lifecycle:livedata:1.1.1] AndroidManifest.xml:20:5-44
MERGED from [android.arch.lifecycle:livedata-core:1.1.1] AndroidManifest.xml:20:5-44
MERGED from [android.arch.lifecycle:livedata-core:1.1.1] AndroidManifest.xml:20:5-44
MERGED from [android.arch.core:runtime:1.1.1] AndroidManifest.xml:20:5-44
MERGED from [android.arch.core:runtime:1.1.1] AndroidManifest.xml:20:5-44
MERGED from [com.android.support:interpolator:28.0.0] AndroidManifest.xml:20:5-44
MERGED from [com.android.support:interpolator:28.0.0] AndroidManifest.xml:20:5-44
INJECTED from Mini Project\Project Code\AndroidManifest.xml
INJECTED from Mini Project\Project Code\AndroidManifest.xml
	android:targetSdkVersion
		INJECTED from Mini Project\Project Code\AndroidManifest.xml
		ADDED from Mini Project\Project Code\AndroidManifest.xml
		INJECTED from Mini Project\Project Code\AndroidManifest.xml
	android:minSdkVersion
		INJECTED from Mini Project\Project Code\AndroidManifest.xml
		ADDED from Mini Project\Project Code\AndroidManifest.xml
		INJECTED from Mini Project\Project Code\AndroidManifest.xml
uses-permission#android.permission.READ_PHONE_STATE
IMPLIED from Mini Project\Project Code\AndroidManifest.xml:2:1-47:12 reason: tensorflow.contrib.android has a targetSdkVersion < 4
uses-permission#android.permission.READ_EXTERNAL_STORAGE
IMPLIED from Mini Project\Project Code\AndroidManifest.xml:2:1-47:12 reason: tensorflow.contrib.android requested WRITE_EXTERNAL_STORAGE